[INFO] Scanning for projects...
[INFO] 
[INFO] ------------------------< org.example:mvnTest >-------------------------
[INFO] Building mvnTest 1.0-SNAPSHOT
[INFO]   from pom.xml
[INFO] --------------------------------[ jar ]---------------------------------
[INFO] 
[INFO] --- clean:3.1.0:clean (default-clean) @ mvnTest ---
[INFO] Deleting D:\work\study\mvnTest\target
[INFO] 
[INFO] --- resources:3.2.0:resources (default-resources) @ mvnTest ---
[INFO] Using 'UTF-8' encoding to copy filtered resources.
[INFO] Using 'UTF-8' encoding to copy filtered properties files.
[INFO] Copying 0 resource
[INFO] Copying 4 resources
[INFO] 
[INFO] --- compiler:3.8.1:compile (default-compile) @ mvnTest ---
[INFO] No sources to compile
[INFO] 
[INFO] --- resources:3.2.0:testResources (default-testResources) @ mvnTest ---
[INFO] Using 'UTF-8' encoding to copy filtered resources.
[INFO] Using 'UTF-8' encoding to copy filtered properties files.
[INFO] skip non existing resourceDirectory D:\work\study\mvnTest\src\test\resources
[INFO] 
[INFO] --- compiler:3.8.1:testCompile (default-testCompile) @ mvnTest ---
[INFO] No sources to compile
[INFO] 
[INFO] --- surefire:2.22.2:test (default-test) @ mvnTest ---
[INFO] No tests to run.
[INFO] 
[INFO] --- jar:3.2.0:jar (default-jar) @ mvnTest ---
[INFO] Building jar: D:\work\study\mvnTest\target\mvnTest-1.0-SNAPSHOT.jar
[INFO] 
[INFO] --- install:2.5.2:install (default-install) @ mvnTest ---
[INFO] Installing D:\work\study\mvnTest\target\mvnTest-1.0-SNAPSHOT.jar to D:\work\devLib\mvnlib\org\example\mvnTest\1.0-SNAPSHOT\mvnTest-1.0-SNAPSHOT.jar
[INFO] Installing D:\work\study\mvnTest\pom.xml to D:\work\devLib\mvnlib\org\example\mvnTest\1.0-SNAPSHOT\mvnTest-1.0-SNAPSHOT.pom
[INFO] ------------------------------------------------------------------------
[INFO] BUILD SUCCESS
[INFO] ------------------------------------------------------------------------
[INFO] Total time:  1.157 s
[INFO] Finished at: 2023-07-08T17:20:45+08:00
[INFO] ------------------------------------------------------------------------
[WARNING] 
[WARNING] Plugin validation issues were detected in 6 plugin(s)
[WARNING] 
[WARNING]  * org.apache.maven.plugins:maven-jar-plugin:3.2.0
[WARNING]  * org.apache.maven.plugins:maven-resources-plugin:3.2.0
[WARNING]  * org.apache.maven.plugins:maven-compiler-plugin:3.8.1
[WARNING]  * org.apache.maven.plugins:maven-install-plugin:2.5.2
[WARNING]  * org.apache.maven.plugins:maven-clean-plugin:3.1.0
[WARNING]  * org.apache.maven.plugins:maven-surefire-plugin:2.22.2
[WARNING] 
[WARNING] For more or less details, use 'maven.plugin.validation' property with one of the values (case insensitive): [BRIEF, DEFAULT, VERBOSE]
[WARNING] 
